<?xml version="1.0" encoding="UTF-8"?>
<con:soapui-project id="606391b7-64b2-4fe2-a2cd-e5765a362155" activeEnvironment="Default" name="Qats_test" resourceRoot="${projectDir}" soapui-version="5.5.0" abortOnError="false" runType="SEQUENTIAL" xmlns:con="http://eviware.com/soapui/config"><con:settings/><con:interface xsi:type="con:RestService" id="fd77acce-93fe-4abf-833d-73a2fd9163d8" wadlVersion="http://wadl.dev.java.net/2009/02" name="https://reqres.in" type="rest" xmlns:xsi="http://www.w3.org/2001/XMLSchema-instance"><con:settings/><con:definitionCache type="TEXT" rootPart=""/><con:endpoints><con:endpoint>https://reqres.in</con:endpoint></con:endpoints><con:resource name="" path="//api/users" id="3a8290b7-7f9c-4224-8717-d29424e59329"><con:settings/><con:parameters><con:parameter><con:name>page</con:name><con:value/><con:style>QUERY</con:style><con:default/><con:description xsi:nil="true"/></con:parameter><con:parameter><con:name>per_page</con:name><con:value/><con:style>QUERY</con:style><con:default/><con:description xsi:nil="true"/></con:parameter></con:parameters><con:method name="GET" id="9251b07c-807a-4a32-bfcc-bd95869b9d70" method="GET"><con:settings/><con:parameters/><con:representation type="RESPONSE"><con:mediaType>text/html; charset=utf-8</con:mediaType><con:status>200</con:status><con:params/><con:element>html</con:element></con:representation><con:representation type="RESPONSE"><con:mediaType>application/json; charset=utf-8</con:mediaType><con:status>200</con:status><con:params/><con:element xmlns:req="https://reqres.in/">req:Response</con:element></con:representation><con:request name="/api/users" id="c1644550-85c8-4d15-b4d6-0f7e1b362813" mediaType="application/json"><con:settings/><con:endpoint>https://reqres.in</con:endpoint><con:request/><con:credentials><con:authType>No Authorization</con:authType></con:credentials><con:jmsConfig JMSDeliveryMode="PERSISTENT"/><con:jmsPropertyConfig/><con:parameters>
  <con:entry key="per_page" value="6"/>
  <con:entry key="page" value="2"/>
</con:parameters><con:parameterOrder><con:entry>page</con:entry><con:entry>per_page</con:entry></con:parameterOrder></con:request></con:method></con:resource><con:resource name="users" path="/api/users" id="221ce416-53fb-43c4-aec9-0a35527fb776"><con:settings/><con:parameters/><con:method name="POST" id="ad9e4334-6833-4367-89d2-927217b3509e" method="POST"><con:settings/><con:parameters/><con:representation type="REQUEST"><con:mediaType>application/json</con:mediaType><con:params/></con:representation><con:representation type="RESPONSE"><con:mediaType>application/json; charset=utf-8</con:mediaType><con:status>201</con:status><con:params/><con:element xmlns:user="https://reqres.in/api/users">user:Response</con:element></con:representation><con:request name="Request 1" id="f0eac9eb-7af4-4be8-9894-a565ad82394b" mediaType="application/json" postQueryString="false"><con:settings><con:setting id="com.eviware.soapui.impl.wsdl.WsdlRequest@request-headers">&lt;xml-fragment/></con:setting></con:settings><con:endpoint>https://reqres.in</con:endpoint><con:request/><con:credentials><con:authType>No Authorization</con:authType></con:credentials><con:jmsConfig JMSDeliveryMode="PERSISTENT"/><con:jmsPropertyConfig/><con:parameters/></con:request></con:method></con:resource></con:interface><con:testSuite id="2f655fa0-8c0f-41ec-ae26-40e1878acc74" name="TestSuite 1"><con:settings/><con:runType>SEQUENTIAL</con:runType><con:testCase id="2a53841d-fca6-4ad8-aedd-3859e59f9068" failOnError="true" failTestCaseOnErrors="true" keepSession="false" maxResults="0" name="TestCase 1" searchProperties="true"><con:settings/><con:testStep type="restrequest" name="Get users" id="461da324-3a6b-4b84-b915-84e33ab32a5b"><con:settings/><con:config service="https://reqres.in" resourcePath="//api/users" methodName="GET" xsi:type="con:RestRequestStep" xmlns:xsi="http://www.w3.org/2001/XMLSchema-instance"><con:restRequest name="Get users" id="c1644550-85c8-4d15-b4d6-0f7e1b362813" mediaType="application/json"><con:settings><con:setting id="com.eviware.soapui.impl.wsdl.WsdlRequest@request-headers">&lt;xml-fragment/></con:setting></con:settings><con:endpoint>https://reqres.in</con:endpoint><con:request/><con:originalUri>https://reqres.in/</con:originalUri><con:assertion type="Valid HTTP Status Codes" id="f729c14a-c2e6-4807-a5dc-7721665bbd53" name="Valid HTTP Status Codes"><con:configuration><codes>200</codes></con:configuration></con:assertion><con:assertion type="JsonPath Match" id="a3291000-a3a6-4c5f-9ccd-89f8b72cf4f0" name="JsonPath Match"><con:configuration><path>total</path><content>12</content><allowWildcards>false</allowWildcards><ignoreNamspaceDifferences>false</ignoreNamspaceDifferences><ignoreComments>false</ignoreComments></con:configuration></con:assertion><con:assertion type="JsonPath Match" id="8fda6915-cd10-4018-b55c-b430c5611e88" name="JsonPath Match last_name Lawson"><con:configuration><path>data.[0]last_name</path><content>Lawson</content><allowWildcards>false</allowWildcards><ignoreNamspaceDifferences>false</ignoreNamspaceDifferences><ignoreComments>false</ignoreComments></con:configuration></con:assertion><con:assertion type="JsonPath Match" id="4ce0cfac-e3c7-4d09-a449-70441b23e359" name="JsonPath Match last_name Ferguson"><con:configuration><path>data.[1]last_name</path><content>Ferguson</content><allowWildcards>false</allowWildcards><ignoreNamspaceDifferences>false</ignoreNamspaceDifferences><ignoreComments>false</ignoreComments></con:configuration></con:assertion><con:credentials><con:authType>No Authorization</con:authType></con:credentials><con:jmsConfig JMSDeliveryMode="PERSISTENT"/><con:jmsPropertyConfig/><con:parameters>
  <con:entry key="per_page" value="6"/>
  <con:entry key="page" value="2"/>
</con:parameters><con:parameterOrder><con:entry>page</con:entry><con:entry>per_page</con:entry></con:parameterOrder></con:restRequest></con:config></con:testStep><con:testStep type="transfer" name="transfer total&amp;lastIdValue" id="f2c4cf79-d26b-41c2-a2ed-7cababeef5ed"><con:settings/><con:config xsi:type="con:PropertyTransfersStep" xmlns:xsi="http://www.w3.org/2001/XMLSchema-instance"><con:transfers setNullOnMissingSource="true" transferTextContent="true" failOnError="true" ignoreEmpty="false" transferToAll="false" entitize="false" transferChildNodes="false"><con:name>total</con:name><con:sourceType>Response</con:sourceType><con:sourceStep>Get users</con:sourceStep><con:sourcePath>.total[0]</con:sourcePath><con:targetType>total</con:targetType><con:targetStep>#TestCase#</con:targetStep><con:type>JSONPATH</con:type><con:targetTransferType>JSONPATH</con:targetTransferType><con:upgraded>true</con:upgraded></con:transfers><con:transfers setNullOnMissingSource="true" transferTextContent="true" failOnError="true" ignoreEmpty="false" transferToAll="false" entitize="false" transferChildNodes="false"><con:name>lastIdValue</con:name><con:sourceType>Response</con:sourceType><con:sourceStep>Get users</con:sourceStep><con:sourcePath>.data.id[5]</con:sourcePath><con:targetType>valueOfLastId</con:targetType><con:targetStep>#TestCase#</con:targetStep><con:type>JSONPATH</con:type><con:targetTransferType>JSONPATH</con:targetTransferType><con:upgraded>true</con:upgraded></con:transfers></con:config></con:testStep><con:testStep type="groovy" name="check values" id="70caaed6-bdbc-4b7e-aded-01850f0fc15a"><con:settings/><con:config><script>def total = testRunner.testCase.getPropertyValue("total") 
def valueOfLastId = testRunner.testCase.getPropertyValue("valueOfLastId") 

assert total == valueOfLastId
</script></con:config></con:testStep><con:properties><con:property><con:name>valueOfLastId</con:name><con:value>12</con:value></con:property><con:property><con:name>total</con:name><con:value>12</con:value></con:property></con:properties></con:testCase><con:testCase id="b762070f-0b1b-43b8-819f-db0841d9005b" failOnError="true" failTestCaseOnErrors="true" keepSession="false" maxResults="0" name="TestCase 2" searchProperties="true"><con:settings/><con:testStep type="restrequest" name="Create user" id="67daff6d-c27f-4e94-864a-8bbfe67a7feb"><con:settings/><con:config service="https://reqres.in" resourcePath="/api/users" methodName="POST" xsi:type="con:RestRequestStep" xmlns:xsi="http://www.w3.org/2001/XMLSchema-instance"><con:restRequest name="Create user" id="f0eac9eb-7af4-4be8-9894-a565ad82394b" mediaType="application/json" postQueryString="false"><con:settings><con:setting id="com.eviware.soapui.impl.wsdl.WsdlRequest@request-headers">&lt;xml-fragment/></con:setting></con:settings><con:endpoint>https://reqres.in</con:endpoint><con:request>{
	
"name": "morpheus",
"job": "leader"

}
</con:request><con:originalUri>https://reqres.in/api/users</con:originalUri><con:assertion type="Valid HTTP Status Codes" id="28421153-cc40-4420-a81c-0b670fe802ef" name="Valid HTTP Status Codes"><con:configuration><codes>201</codes></con:configuration></con:assertion><con:assertion type="Response SLA Assertion" id="94bd8ef5-1d14-487b-82e5-7e7083809102" name="Response SLA"><con:configuration><SLA>100</SLA></con:configuration></con:assertion><con:assertion type="Simple Contains" id="600b62cb-8c42-495b-bb9f-e60e1ac2bdc4" name="Contains ID"><con:configuration><token>id</token><ignoreCase>false</ignoreCase><useRegEx>false</useRegEx></con:configuration></con:assertion><con:assertion type="JsonPath Match" id="a84c70ea-5f77-4b16-aa39-fed1553779c2"><con:configuration/></con:assertion><con:assertion type="JsonPath Match" id="66d33d61-ca3d-4fbc-a477-edf80774cb30"><con:configuration/></con:assertion><con:assertion type="Simple Contains" id="016b0bce-ce38-4879-89c1-119b9bb1ea82" name="Contains CreatedAt"><con:configuration><token>createdAt</token><ignoreCase>false</ignoreCase><useRegEx>false</useRegEx></con:configuration></con:assertion><con:assertion type="JsonPath Match" id="4064d7eb-cca1-459a-a821-20ef3186bb76" name="namecheck"><con:configuration><path>.name[0]</path><content>${#TestCase#name}</content><allowWildcards>false</allowWildcards><ignoreNamspaceDifferences>false</ignoreNamspaceDifferences><ignoreComments>false</ignoreComments></con:configuration></con:assertion><con:credentials><con:authType>No Authorization</con:authType></con:credentials><con:jmsConfig JMSDeliveryMode="PERSISTENT"/><con:jmsPropertyConfig/><con:parameters/></con:restRequest></con:config></con:testStep><con:properties><con:property><con:name>limit</con:name></con:property><con:property><con:name>name</con:name><con:value>morpheus</con:value></con:property></con:properties></con:testCase><con:properties/></con:testSuite><con:properties/><con:wssContainer/><con:oAuth2ProfileContainer/><con:oAuth1ProfileContainer/><con:sensitiveInformation/></con:soapui-project>
